[INFO] Scanning for projects...
[INFO] 
[INFO] ---------------------< com.fourm:discussion-forum >---------------------
[INFO] Building  0.0.1-SNAPSHOT
[INFO]   from pom.xml
[INFO] --------------------------------[ jar ]---------------------------------
[INFO] 
[INFO] >>> spring-boot:4.0.5:run (default-cli) > test-compile @ discussion-forum >>>
[INFO] 
[INFO] --- resources:3.3.1:resources (default-resources) @ discussion-forum ---
[INFO] Copying 1 resource from src\main\resources to target\classes
[INFO] Copying 0 resource from src\main\resources to target\classes
[INFO] 
[INFO] --- compiler:3.14.1:compile (default-compile) @ discussion-forum ---
[INFO] Nothing to compile - all classes are up to date.
[INFO] 
[INFO] --- resources:3.3.1:testResources (default-testResources) @ discussion-forum ---
[INFO] skip non existing resourceDirectory C:\Users\muthi\OneDrive\Desktop\discussion-forum\src\test\resources
[INFO] 
[INFO] --- compiler:3.14.1:testCompile (default-testCompile) @ discussion-forum ---
[INFO] Nothing to compile - all classes are up to date.
[INFO] 
[INFO] <<< spring-boot:4.0.5:run (default-cli) < test-compile @ discussion-forum <<<
[INFO] 
[INFO] 
[INFO] --- spring-boot:4.0.5:run (default-cli) @ discussion-forum ---
[INFO] Attaching agents: []

  .   ____          _            __ _ _
 /\\ / ___'_ __ _ _(_)_ __  __ _ \ \ \ \
( ( )\___ | '_ | '_| | '_ \/ _` | \ \ \ \
 \\/  ___)| |_)| | | | | || (_| |  ) ) ) )
  '  |____| .__|_| |_|_| |_\__, | / / / /
 =========|_|==============|___/=/_/_/_/

 :: Spring Boot ::                (v4.0.5)

2026-04-05T03:17:50.677+05:30  INFO 32072 --- [discussion-forum] [           main] c.f.d.DiscussionForumApplication         : Starting DiscussionForumApplication using Java 21.0.7 with PID 32072 (C:\Users\muthi\OneDrive\Desktop\discussion-forum\target\classes started by muthi in C:\Users\muthi\OneDrive\Desktop\discussion-forum)
2026-04-05T03:17:50.681+05:30  INFO 32072 --- [discussion-forum] [           main] c.f.d.DiscussionForumApplication         : No active profile set, falling back to 1 default profile: "default"
2026-04-05T03:17:51.859+05:30  INFO 32072 --- [discussion-forum] [           main] .s.d.r.c.RepositoryConfigurationDelegate : Bootstrapping Spring Data JPA repositories in DEFAULT mode.
2026-04-05T03:17:51.963+05:30  INFO 32072 --- [discussion-forum] [           main] .s.d.r.c.RepositoryConfigurationDelegate : Finished Spring Data repository scanning in 89 ms. Found 3 JPA repository interfaces.
2026-04-05T03:17:52.813+05:30  INFO 32072 --- [discussion-forum] [           main] o.s.boot.tomcat.TomcatWebServer          : Tomcat initialized with port 8082 (http)
2026-04-05T03:17:52.834+05:30  INFO 32072 --- [discussion-forum] [           main] o.apache.catalina.core.StandardService   : Starting service [Tomcat]
2026-04-05T03:17:52.834+05:30  INFO 32072 --- [discussion-forum] [           main] o.apache.catalina.core.StandardEngine    : Starting Servlet engine: [Apache Tomcat/11.0.20]
2026-04-05T03:17:52.913+05:30  INFO 32072 --- [discussion-forum] [           main] b.w.c.s.WebApplicationContextInitializer : Root WebApplicationContext: initialization completed in 2153 ms
2026-04-05T03:17:53.135+05:30  INFO 32072 --- [discussion-forum] [           main] org.hibernate.orm.jpa                    : HHH008540: Processing PersistenceUnitInfo [name: default]
2026-04-05T03:17:53.213+05:30  INFO 32072 --- [discussion-forum] [           main] org.hibernate.orm.core                   : HHH000001: Hibernate ORM core version 7.2.7.Final
2026-04-05T03:17:53.898+05:30  INFO 32072 --- [discussion-forum] [           main] o.s.o.j.p.SpringPersistenceUnitInfo      : No LoadTimeWeaver setup: ignoring JPA class transformer
2026-04-05T03:17:53.941+05:30  INFO 32072 --- [discussion-forum] [           main] com.zaxxer.hikari.HikariDataSource       : HikariPool-1 - Starting...
2026-04-05T03:17:54.169+05:30  INFO 32072 --- [discussion-forum] [           main] com.zaxxer.hikari.pool.HikariPool        : HikariPool-1 - Added connection com.mysql.cj.jdbc.ConnectionImpl@526893f
2026-04-05T03:17:54.171+05:30  INFO 32072 --- [discussion-forum] [           main] com.zaxxer.hikari.HikariDataSource       : HikariPool-1 - Start completed.
2026-04-05T03:17:54.241+05:30  WARN 32072 --- [discussion-forum] [           main] org.hibernate.orm.deprecation            : HHH90000025: MySQLDialect does not need to be specified explicitly using 'hibernate.dialect' (remove the property setting and it will be selected by default)
2026-04-05T03:17:54.263+05:30  INFO 32072 --- [discussion-forum] [           main] org.hibernate.orm.connections.pooling    : HHH10001005: Database info:
	Database JDBC URL [jdbc:mysql://localhost:3306/dfs?useSSL=false&serverTimezone=UTC&allowPublicKeyRetrieval=true]
	Database driver: MySQL Connector/J
	Database dialect: MySQLDialect
	Database version: 8.0.45
	Default catalog/schema: dfs/undefined
	Autocommit mode: undefined/unknown
	Isolation level: REPEATABLE_READ [default REPEATABLE_READ]
	JDBC fetch size: none
	Pool: DataSourceConnectionProvider
	Minimum pool size: undefined/unknown
	Maximum pool size: undefined/unknown
2026-04-05T03:17:55.645+05:30  INFO 32072 --- [discussion-forum] [           main] org.hibernate.orm.core                   : HHH000489: No JTA platform available (set 'hibernate.transaction.jta.platform' to enable JTA platform integration)
2026-04-05T03:17:55.760+05:30  INFO 32072 --- [discussion-forum] [           main] j.LocalContainerEntityManagerFactoryBean : Initialized JPA EntityManagerFactory for persistence unit 'default'
2026-04-05T03:17:55.839+05:30  INFO 32072 --- [discussion-forum] [           main] o.s.d.j.r.query.QueryEnhancerFactories   : Hibernate is in classpath; If applicable, HQL parser will be used.
2026-04-05T03:17:56.160+05:30 TRACE 32072 --- [discussion-forum] [           main] eGlobalAuthenticationAutowiredConfigurer : Eagerly initializing {securityConfig=com.fourm.discussion_forum.security.SecurityConfig$$SpringCGLIB$$0@7236213e}
2026-04-05T03:17:56.170+05:30  INFO 32072 --- [discussion-forum] [           main] eAuthenticationProviderManagerConfigurer : Global AuthenticationManager configured with AuthenticationProvider bean with name authenticationProvider
2026-04-05T03:17:56.170+05:30  WARN 32072 --- [discussion-forum] [           main] r$InitializeUserDetailsManagerConfigurer : Global AuthenticationManager configured with an AuthenticationProvider bean. UserDetailsService beans will not be used by Spring Security for automatically configuring username/password login. Consider removing the AuthenticationProvider bean. Alternatively, consider using the UserDetailsService in a manually instantiated DaoAuthenticationProvider. If the current configuration is intentional, to turn off this warning, increase the logging level of 'org.springframework.security.config.annotation.authentication.configuration.InitializeUserDetailsBeanManagerConfigurer' to ERROR
2026-04-05T03:17:56.251+05:30  WARN 32072 --- [discussion-forum] [           main] JpaBaseConfiguration$JpaWebConfiguration : spring.jpa.open-in-view is enabled by default. Therefore, database queries may be performed during view rendering. Explicitly configure spring.jpa.open-in-view to disable this warning
2026-04-05T03:17:56.505+05:30 DEBUG 32072 --- [discussion-forum] [           main] o.s.s.web.DefaultSecurityFilterChain     : Will secure any request with filters: DisableEncodeUrlFilter, WebAsyncManagerIntegrationFilter, SecurityContextHolderFilter, HeaderWriterFilter, CorsFilter, LogoutFilter, JwtAuthFilter, RequestCacheAwareFilter, SecurityContextHolderAwareRequestFilter, AnonymousAuthenticationFilter, SessionManagementFilter, ExceptionTranslationFilter, AuthorizationFilter
2026-04-05T03:17:56.893+05:30  WARN 32072 --- [discussion-forum] [           main] ConfigServletWebServerApplicationContext : Exception encountered during context initialization - cancelling refresh attempt: org.springframework.context.ApplicationContextException: Failed to start bean 'webServerStartStop'
2026-04-05T03:17:56.895+05:30  INFO 32072 --- [discussion-forum] [           main] j.LocalContainerEntityManagerFactoryBean : Closing JPA EntityManagerFactory for persistence unit 'default'
2026-04-05T03:17:56.897+05:30  INFO 32072 --- [discussion-forum] [           main] com.zaxxer.hikari.HikariDataSource       : HikariPool-1 - Shutdown initiated...
2026-04-05T03:17:56.905+05:30  INFO 32072 --- [discussion-forum] [           main] com.zaxxer.hikari.HikariDataSource       : HikariPool-1 - Shutdown completed.
2026-04-05T03:17:56.914+05:30  INFO 32072 --- [discussion-forum] [           main] .s.b.a.l.ConditionEvaluationReportLogger : 

Error starting ApplicationContext. To display the condition evaluation report re-run your application with 'debug' enabled.
2026-04-05T03:17:56.937+05:30 ERROR 32072 --- [discussion-forum] [           main] o.s.b.d.LoggingFailureAnalysisReporter   : 

***************************
APPLICATION FAILED TO START
***************************

Description:

Web server failed to start. Port 8082 was already in use.

Action:

Identify and stop the process that's listening on port 8082 or configure this application to listen on another port.

[INFO] ------------------------------------------------------------------------
[INFO] BUILD FAILURE
[INFO] ------------------------------------------------------------------------
[INFO] Total time:  10.219 s
[INFO] Finished at: 2026-04-05T03:17:56+05:30
[INFO] ------------------------------------------------------------------------
[ERROR] Failed to execute goal org.springframework.boot:spring-boot-maven-plugin:4.0.5:run (default-cli) on project discussion-forum: Process terminated with exit code: 1 -> [Help 1]
[ERROR] 
[ERROR] To see the full stack trace of the errors, re-run Maven with the -e switch.
[ERROR] Re-run Maven using the -X switch to enable full debug logging.
[ERROR] 
[ERROR] For more information about the errors and possible solutions, please read the following articles:
[ERROR] [Help 1] http://cwiki.apache.org/confluence/display/MAVEN/MojoExecutionException

